<?xml version="1.0" encoding="UTF-8"?>
<!-- Generated by org.testng.reporters.JUnitXMLReporter -->
<testsuite ignored="0" hostname="HAsLaptop" failures="1" tests="12" name="Test" time="28.335" errors="0" timestamp="2025-09-12T13:08:28 IST">
  <testcase classname="testScript.LoginTest" name="verifyUserLoginWithValidCredential" time="0.954"/>
  <testcase classname="testScript.LoginTest" name="verifyUserLoginWithInvalidUserNameAndValidPassword" time="0.378"/>
  <testcase classname="testScript.LoginTest" name="verifyUserLoginWithValidUserNameAndInvalidPassword" time="0.342"/>
  <testcase classname="testScript.LoginTest" name="verifyUserLoginWithInvalidCredential" time="0.352"/>
  <testcase classname="testScript.HomeTest" name="verifyUserCanSuccessfullyLogout" time="0.785"/>
  <testcase classname="testScript.ManageNewsTest" name="verifyNewNewsCreationInManageNewsPage" time="1.693"/>
  <testcase classname="testScript.ManageNewsTest" name="verifyNewsSearchInManageNewsPage" time="1.153"/>
  <testcase classname="testScript.ManageNewsTest" name="verifyResetButtonInManageNewsPage" time="0.935"/>
  <testcase classname="testScript.AdminUsersTest" name="verifyNewUserCreationInAdminUsersPage" time="1.478"/>
  <testcase classname="testScript.AdminUsersTest" name="verifySearchingNewlyCreatedUser" time="1.104">
    <skipped/>
  </testcase> <!-- verifySearchingNewlyCreatedUser -->
  <testcase classname="testScript.AdminUsersTest" name="verifySearchingNewlyCreatedUser" time="1.079">
    <skipped/>
  </testcase> <!-- verifySearchingNewlyCreatedUser -->
  <testcase classname="testScript.AdminUsersTest" name="verifySearchingNewlyCreatedUser" time="1.155">
    <failure type="org.openqa.selenium.StaleElementReferenceException" message="stale element reference: stale element not found
  (Session info: chrome=140.0.7339.80)
For documentation on this error, please visit: https://www.selenium.dev/documentation/webdriver/troubleshooting/errors#stale-element-reference-exception
Build info: version: &amp;apos;4.34.0&amp;apos;, revision: &amp;apos;707dcb4246*&amp;apos;
System info: os.name: &amp;apos;Windows 11&amp;apos;, os.arch: &amp;apos;amd64&amp;apos;, os.version: &amp;apos;10.0&amp;apos;, java.version: &amp;apos;21.0.7&amp;apos;
Driver info: org.openqa.selenium.chrome.ChromeDriver
Command: [0dc1f0c9e1114535c3c469b8634a7b30, isElementDisplayed {id=f.0C2692F82A7C339302E7ECAE30A42CA9.d.29A02932ACB76910E186E4FD1B87F809.e.47}]
Capabilities {acceptInsecureCerts: false, browserName: chrome, browserVersion: 140.0.7339.80, chrome: {chromedriverVersion: 140.0.7339.82 (bc93617e21c3..., userDataDir: C:\Users\himaa\AppData\Loca...}, fedcm:accounts: true, goog:chromeOptions: {debuggerAddress: localhost:63712}, networkConnectionEnabled: false, pageLoadStrategy: normal, platformName: windows, proxy: Proxy(), se:cdp: ws://localhost:63712/devtoo..., se:cdpVersion: 140.0.7339.80, setWindowRect: true, strictFileInteractability: false, timeouts: {implicit: 0, pageLoad: 300000, script: 30000}, unhandledPromptBehavior: dismiss and notify, webauthn:extension:credBlob: true, webauthn:extension:largeBlob: true, webauthn:extension:minPinLength: true, webauthn:extension:prf: true, webauthn:virtualAuthenticators: true}
Element: [[ChromeDriver: chrome on windows (0dc1f0c9e1114535c3c469b8634a7b30)] -&amp;gt; xpath: //table//tbody//tr[1]//td[1]]
Session ID: 0dc1f0c9e1114535c3c469b8634a7b30">
      <![CDATA[org.openqa.selenium.StaleElementReferenceException: stale element reference: stale element not found
  (Session info: chrome=140.0.7339.80)
For documentation on this error, please visit: https://www.selenium.dev/documentation/webdriver/troubleshooting/errors#stale-element-reference-exception
Build info: version: '4.34.0', revision: '707dcb4246*'
System info: os.name: 'Windows 11', os.arch: 'amd64', os.version: '10.0', java.version: '21.0.7'
Driver info: org.openqa.selenium.chrome.ChromeDriver
Command: [0dc1f0c9e1114535c3c469b8634a7b30, isElementDisplayed {id=f.0C2692F82A7C339302E7ECAE30A42CA9.d.29A02932ACB76910E186E4FD1B87F809.e.47}]
Capabilities {acceptInsecureCerts: false, browserName: chrome, browserVersion: 140.0.7339.80, chrome: {chromedriverVersion: 140.0.7339.82 (bc93617e21c3..., userDataDir: C:\Users\himaa\AppData\Loca...}, fedcm:accounts: true, goog:chromeOptions: {debuggerAddress: localhost:63712}, networkConnectionEnabled: false, pageLoadStrategy: normal, platformName: windows, proxy: Proxy(), se:cdp: ws://localhost:63712/devtoo..., se:cdpVersion: 140.0.7339.80, setWindowRect: true, strictFileInteractability: false, timeouts: {implicit: 0, pageLoad: 300000, script: 30000}, unhandledPromptBehavior: dismiss and notify, webauthn:extension:credBlob: true, webauthn:extension:largeBlob: true, webauthn:extension:minPinLength: true, webauthn:extension:prf: true, webauthn:virtualAuthenticators: true}
Element: [[ChromeDriver: chrome on windows (0dc1f0c9e1114535c3c469b8634a7b30)] -> xpath: //table//tbody//tr[1]//td[1]]
Session ID: 0dc1f0c9e1114535c3c469b8634a7b30
at org.openqa.selenium.remote.ErrorCodec.decode(ErrorCodec.java:167)
at org.openqa.selenium.remote.codec.w3c.W3CHttpResponseCodec.decode(W3CHttpResponseCodec.java:138)
at org.openqa.selenium.remote.codec.w3c.W3CHttpResponseCodec.decode(W3CHttpResponseCodec.java:50)
at org.openqa.selenium.remote.HttpCommandExecutor.execute(HttpCommandExecutor.java:215)
at org.openqa.selenium.remote.service.DriverCommandExecutor.invokeExecute(DriverCommandExecutor.java:216)
at org.openqa.selenium.remote.service.DriverCommandExecutor.execute(DriverCommandExecutor.java:174)
at org.openqa.selenium.remote.RemoteWebDriver.execute(RemoteWebDriver.java:544)
at org.openqa.selenium.remote.RemoteWebElement.execute(RemoteWebElement.java:223)
at org.openqa.selenium.remote.RemoteWebElement.isDisplayed(RemoteWebElement.java:282)
at org.openqa.selenium.support.pagefactory.internal.LocatingElementHandler.invoke(LocatingElementHandler.java:51)
at jdk.proxy2/jdk.proxy2.$Proxy15.isDisplayed(Unknown Source)
at org.openqa.selenium.support.ui.ExpectedConditions.elementIfVisible(ExpectedConditions.java:304)
at org.openqa.selenium.support.ui.ExpectedConditions$10.apply(ExpectedConditions.java:290)
at org.openqa.selenium.support.ui.ExpectedConditions$10.apply(ExpectedConditions.java:287)
at org.openqa.selenium.support.ui.FluentWait.until(FluentWait.java:203)
at pages.AdminUsersPage.userSearchResults(AdminUsersPage.java:104)
at testScript.AdminUsersTest.verifySearchingNewlyCreatedUser(AdminUsersTest.java:64)
at java.base/java.util.ArrayList.forEach(ArrayList.java:1596)
... Removed 30 stack frames]]>
    </failure>
  </testcase> <!-- verifySearchingNewlyCreatedUser -->
</testsuite> <!-- Test -->
